2026-01-20 12:45:01.781994: I external/local_xla/xla/tsl/cuda/cudart_stub.cc:31] Could not find cuda drivers on your machine, GPU will not be used.
2026-01-20 12:45:01.782391: I tensorflow/core/util/port.cc:153] oneDNN custom operations are on. You may see slightly different numerical results due to floating-point round-off errors from different computation orders. To turn them off, set the environment variable `TF_ENABLE_ONEDNN_OPTS=0`.
2026-01-20 12:45:01.836808: I tensorflow/core/platform/cpu_feature_guard.cc:210] This TensorFlow binary is optimized to use available CPU instructions in performance-critical operations.
To enable the following instructions: AVX2 AVX512F AVX512_VNNI FMA, in other operations, rebuild TensorFlow with the appropriate compiler flags.
2026-01-20 12:45:03.319028: I tensorflow/core/util/port.cc:153] oneDNN custom operations are on. You may see slightly different numerical results due to floating-point round-off errors from different computation orders. To turn them off, set the environment variable `TF_ENABLE_ONEDNN_OPTS=0`.
2026-01-20 12:45:03.320419: I external/local_xla/xla/tsl/cuda/cudart_stub.cc:31] Could not find cuda drivers on your machine, GPU will not be used.
/home/drewprinster/constrained_AL/src/assay_mfcs.py:73: FutureWarning: ChainedAssignmentError: behaviour will change in pandas 3.0!
You are setting values through chained assignment. Currently this works in certain cases, but when using Copy-on-Write (which will become the default behaviour in pandas 3.0) this will never work to update the original DataFrame or Series, because the intermediate object on which we are setting values will behave as a copy.
A typical example is when you are setting values in a column of a DataFrame, like:

df["col"][row_indexer] = value

Use `df.loc[row_indexer, "col"] = values` instead, to perform the assignment in a single step and ensure this keeps updating the original `df`.

See the caveats in the documentation: https://pandas.pydata.org/pandas-docs/stable/user_guide/indexing.html#returning-a-view-versus-a-copy

  paadf_kxL[i].loc[aa] += p_cod
Running with methods :  ['split', 'wsplit_1', 'wsplit_mixture', 'aci']
Setting: ALExpts_robot_arm_GP_nInitial80_steps100_nseed10_wDepths1_propTrainInit0.8_addTrainProb0.5_noise0.05_pcaExpSampling8.0_aciStepSize0.25_probBoundInf1.0_rcY_PCalpha0.2_constrainVSinitY
Population average risk : 0.5029296875
  0%|          | 0/10 [00:00<?, ?it/s]/home/drewprinster/constrained_AL/.venv/lib/python3.11/site-packages/numpy/lib/_function_base_impl.py:4598: RuntimeWarning: invalid value encountered in subtract
  subtract(b, diff_b_a * (1 - t), out=lerp_interpolation, where=t >= 0.5,
/home/drewprinster/constrained_AL/.venv/lib/python3.11/site-packages/numpy/lib/_nanfunctions_impl.py:1213: RuntimeWarning: Mean of empty slice
  return np.nanmean(a, axis, out=out, keepdims=keepdims)
/home/drewprinster/constrained_AL/.venv/lib/python3.11/site-packages/numpy/lib/_function_base_impl.py:4598: RuntimeWarning: invalid value encountered in subtract
  subtract(b, diff_b_a * (1 - t), out=lerp_interpolation, where=t >= 0.5,
/home/drewprinster/constrained_AL/.venv/lib/python3.11/site-packages/numpy/lib/_nanfunctions_impl.py:1213: RuntimeWarning: Mean of empty slice
  return np.nanmean(a, axis, out=out, keepdims=keepdims)
/home/drewprinster/constrained_AL/.venv/lib/python3.11/site-packages/numpy/lib/_function_base_impl.py:4598: RuntimeWarning: invalid value encountered in subtract
  subtract(b, diff_b_a * (1 - t), out=lerp_interpolation, where=t >= 0.5,
/home/drewprinster/constrained_AL/.venv/lib/python3.11/site-packages/numpy/lib/_nanfunctions_impl.py:1213: RuntimeWarning: Mean of empty slice
  return np.nanmean(a, axis, out=out, keepdims=keepdims)
/home/drewprinster/constrained_AL/.venv/lib/python3.11/site-packages/numpy/lib/_function_base_impl.py:4597: RuntimeWarning: invalid value encountered in scalar multiply
  lerp_interpolation = add(a, diff_b_a * t, out=... if out is None else out)
/home/drewprinster/constrained_AL/.venv/lib/python3.11/site-packages/numpy/lib/_nanfunctions_impl.py:1213: RuntimeWarning: Mean of empty slice
  return np.nanmean(a, axis, out=out, keepdims=keepdims)
 10%|█         | 1/10 [00:20<03:05, 20.66s/it] 20%|██        | 2/10 [00:43<02:54, 21.84s/it]/home/drewprinster/constrained_AL/.venv/lib/python3.11/site-packages/numpy/lib/_function_base_impl.py:4598: RuntimeWarning: invalid value encountered in subtract
  subtract(b, diff_b_a * (1 - t), out=lerp_interpolation, where=t >= 0.5,
/home/drewprinster/constrained_AL/.venv/lib/python3.11/site-packages/numpy/lib/_nanfunctions_impl.py:1213: RuntimeWarning: Mean of empty slice
  return np.nanmean(a, axis, out=out, keepdims=keepdims)
/home/drewprinster/constrained_AL/.venv/lib/python3.11/site-packages/numpy/lib/_function_base_impl.py:4598: RuntimeWarning: invalid value encountered in subtract
  subtract(b, diff_b_a * (1 - t), out=lerp_interpolation, where=t >= 0.5,
/home/drewprinster/constrained_AL/.venv/lib/python3.11/site-packages/numpy/lib/_nanfunctions_impl.py:1213: RuntimeWarning: Mean of empty slice
  return np.nanmean(a, axis, out=out, keepdims=keepdims)
/home/drewprinster/constrained_AL/.venv/lib/python3.11/site-packages/numpy/lib/_function_base_impl.py:4598: RuntimeWarning: invalid value encountered in subtract
  subtract(b, diff_b_a * (1 - t), out=lerp_interpolation, where=t >= 0.5,
/home/drewprinster/constrained_AL/.venv/lib/python3.11/site-packages/numpy/lib/_nanfunctions_impl.py:1213: RuntimeWarning: Mean of empty slice
  return np.nanmean(a, axis, out=out, keepdims=keepdims)
/home/drewprinster/constrained_AL/.venv/lib/python3.11/site-packages/numpy/lib/_function_base_impl.py:4598: RuntimeWarning: invalid value encountered in subtract
  subtract(b, diff_b_a * (1 - t), out=lerp_interpolation, where=t >= 0.5,
/home/drewprinster/constrained_AL/.venv/lib/python3.11/site-packages/numpy/lib/_nanfunctions_impl.py:1213: RuntimeWarning: Mean of empty slice
  return np.nanmean(a, axis, out=out, keepdims=keepdims)
/home/drewprinster/constrained_AL/.venv/lib/python3.11/site-packages/numpy/lib/_function_base_impl.py:4598: RuntimeWarning: invalid value encountered in subtract
  subtract(b, diff_b_a * (1 - t), out=lerp_interpolation, where=t >= 0.5,
/home/drewprinster/constrained_AL/.venv/lib/python3.11/site-packages/numpy/lib/_nanfunctions_impl.py:1213: RuntimeWarning: Mean of empty slice
  return np.nanmean(a, axis, out=out, keepdims=keepdims)
